<?xml version="1.0" encoding="UTF-8"?>
<!-- Generated by org.testng.reporters.JUnitXMLReporter -->
<testsuite hostname="DESKTOP-PAON71K" ignored="0" name="Default test" tests="3" failures="0" timestamp="27 Sep 2019 08:29:38 GMT" time="8.369" errors="0">
  <testcase name="Test001_SumTwoNumbers" time="1.752" classname="DesktopTests.CalculatorTests"/>
  <testcase name="Test002_SubTwoNumbers" time="2.044" classname="DesktopTests.CalculatorTests"/>
  <testcase name="Test003_MultiplyTwoNumbers" time="1.618" classname="DesktopTests.CalculatorTests"/>
</testsuite> <!-- Default test -->
