<?xml version="1.0" encoding="UTF-8"?>
<!-- Generated by org.testng.reporters.JUnitXMLReporter -->
<testsuite hostname="DESKTOP-PAON71K" ignored="0" name="APITest" tests="3" failures="0" timestamp="27 Sep 2019 09:52:49 GMT" time="3.318" errors="0">
  <testcase name="Test001_verifyStudentCreated" time="2.212" classname="API_Tests.StudentsList_CRUD"/>
  <testcase name="Test002_verifyStudentUpdated" time="0.125" classname="API_Tests.StudentsList_CRUD"/>
  <testcase name="Test003_verifyStudentDeleted" time="0.171" classname="API_Tests.StudentsList_CRUD"/>
</testsuite> <!-- APITest -->
