<?xml version="1.0" encoding="UTF-8"?>
<!-- Generated by org.testng.reporters.JUnitXMLReporter -->
<testsuite hostname="DESKTOP-PAON71K" ignored="0" name="DesktopTest" tests="3" failures="0" timestamp="27 Sep 2019 09:53:02 GMT" time="8.287" errors="0">
  <testcase name="Test001_SumTwoNumbers" time="2.098" classname="DesktopTests.CalculatorTests"/>
  <testcase name="Test002_SubTwoNumbers" time="2.431" classname="DesktopTests.CalculatorTests"/>
  <testcase name="Test003_MultiplyTwoNumbers" time="2.147" classname="DesktopTests.CalculatorTests"/>
</testsuite> <!-- DesktopTest -->
