<?xml version="1.0" encoding="UTF-8"?>
<!-- Generated by org.testng.reporters.JUnitXMLReporter -->
<testsuite hostname="DESKTOP-PAON71K" ignored="0" name="MobileTest" tests="1" failures="1" timestamp="27 Sep 2019 09:09:59 GMT" time="3.922" errors="0">
  <testcase name="Test001_GetInfo" time="0.002" classname="Electron_App_Tests.ElectronDemoApp_Screen_Size">
    <failure type="java.lang.NullPointerException">
      <![CDATA[java.lang.NullPointerException
at Workflows.Electron_screen.getInfo(Electron_screen.java:16)
at Electron_App_Tests.ElectronDemoApp_Screen_Size.Test001_GetInfo(ElectronDemoApp_Screen_Size.java:19)
... Removed 24 stack frames]]>
    </failure>
  </testcase> <!-- Test001_GetInfo -->
</testsuite> <!-- MobileTest -->
