<?xml version="1.0" encoding="UTF-8"?>
<!-- Generated by org.testng.reporters.JUnitXMLReporter -->
<testsuite hostname="DESKTOP-PAON71K" ignored="0" name="Test2" tests="5" failures="0" timestamp="22 Sep 2019 11:08:32 GMT" time="56.027" errors="0">
  <testcase name="Test001_verifyForDefaultEnglishLanguage" time="0.667" classname="Web_Tests.YouTube_Change_language_and_Country"/>
  <testcase name="Test002_verifyForDefaultEnglishLanguageFromDB" time="5.68" classname="Web_Tests.YouTube_Change_language_and_Country"/>
  <testcase name="Test003_SelectNewLanguage" time="12.801" classname="Web_Tests.YouTube_Change_language_and_Country"/>
  <testcase name="Test004_MoveToUserHelperIFRAME" time="8.882" classname="Web_Tests.YouTube_Change_language_and_Country"/>
  <testcase name="Test005_SearchInsideUserHelperIFRAME" time="3.897" classname="Web_Tests.YouTube_Change_language_and_Country"/>
</testsuite> <!-- Test2 -->
