<?xml version="1.0" encoding="UTF-8"?>
<!-- Generated by org.testng.reporters.JUnitXMLReporter -->
<testsuite hostname="DESKTOP-PAON71K" ignored="0" name="WebTest" tests="5" failures="0" timestamp="27 Sep 2019 09:52:45 GMT" time="59.814" errors="0">
  <testcase name="Test001_verifyForDefaultEnglishLanguage" time="0.604" classname="Web_Tests.YouTube_Change_language_and_Country"/>
  <testcase name="Test002_verifyForDefaultEnglishLanguageFromDB" time="6.681" classname="Web_Tests.YouTube_Change_language_and_Country"/>
  <testcase name="Test003_SelectNewLanguage" time="12.901" classname="Web_Tests.YouTube_Change_language_and_Country"/>
  <testcase name="Test004_MoveToUserHelperIFRAME" time="7.387" classname="Web_Tests.YouTube_Change_language_and_Country"/>
  <testcase name="Test005_SearchInsideUserHelperIFRAME" time="1.861" classname="Web_Tests.YouTube_Change_language_and_Country"/>
</testsuite> <!-- WebTest -->
